<?xml version="1.0" encoding="UTF-8"?>
<coverage generated="1734034008125" clover="3.2.0">
  <project timestamp="1734034008125" name="All files">
    <metrics statements="25" coveredstatements="25" conditionals="18" coveredconditionals="18" methods="5" coveredmethods="5" elements="48" coveredelements="48" complexity="0" loc="25" ncloc="25" packages="1" files="1" classes="1"/>
    <file name="utils.js" path="/home/sobucki/Projects/Sobucki/css/minesweeper-98/scripts/utils.js">
      <metrics statements="25" coveredstatements="25" conditionals="18" coveredconditionals="18" methods="5" coveredmethods="5"/>
      <line num="2" count="8" type="cond" truecount="4" falsecount="0"/>
      <line num="3" count="2" type="stmt"/>
      <line num="6" count="6" type="cond" truecount="2" falsecount="0"/>
      <line num="7" count="1" type="stmt"/>
      <line num="10" count="10" type="stmt"/>
      <line num="12" count="5" type="stmt"/>
      <line num="13" count="5" type="stmt"/>
      <line num="14" count="13" type="stmt"/>
      <line num="15" count="13" type="stmt"/>
      <line num="16" count="13" type="cond" truecount="2" falsecount="0"/>
      <line num="17" count="10" type="stmt"/>
      <line num="18" count="10" type="stmt"/>
      <line num="21" count="5" type="stmt"/>
      <line num="25" count="20" type="stmt"/>
      <line num="26" count="62" type="stmt"/>
      <line num="27" count="224" type="cond" truecount="2" falsecount="0"/>
      <line num="28" count="74" type="stmt"/>
      <line num="30" count="150" type="stmt"/>
      <line num="31" count="150" type="stmt"/>
      <line num="32" count="450" type="stmt"/>
      <line num="33" count="1350" type="cond" truecount="6" falsecount="0"/>
      <line num="34" count="851" type="cond" truecount="2" falsecount="0"/>
      <line num="35" count="237" type="stmt"/>
      <line num="40" count="150" type="stmt"/>
      <line num="43" count="20" type="stmt"/>
    </file>
  </project>
</coverage>
