{"/home/sobucki/Projects/Sobucki/css/minesweeper-98/scripts/game.js": {"path":"/home/sobucki/Projects/Sobucki/css/minesweeper-98/scripts/game.js","statementMap":{"0":{"start":{"line":3,"column":21},"end":{"line":3,"column":22}},"1":{"start":{"line":4,"column":21},"end":{"line":4,"column":22}},"2":{"start":{"line":5,"column":22},"end":{"line":5,"column":24}},"3":{"start":{"line":9,"column":4},"end":{"line":9,"column":31}},"4":{"start":{"line":10,"column":4},"end":{"line":10,"column":34}},"5":{"start":{"line":11,"column":4},"end":{"line":11,"column":20}},"6":{"start":{"line":15,"column":17},"end":{"line":15,"column":79}},"7":{"start":{"line":16,"column":20},"end":{"line":16,"column":42}},"8":{"start":{"line":17,"column":4},"end":{"line":17,"column":19}},"9":{"start":{"line":21,"column":22},"end":{"line":21,"column":66}},"10":{"start":{"line":23,"column":22},"end":{"line":23,"column":60}},"11":{"start":{"line":25,"column":4},"end":{"line":37,"column":7}},"12":{"start":{"line":26,"column":25},"end":{"line":26,"column":54}},"13":{"start":{"line":27,"column":6},"end":{"line":27,"column":35}},"14":{"start":{"line":28,"column":6},"end":{"line":35,"column":9}},"15":{"start":{"line":29,"column":28},"end":{"line":29,"column":57}},"16":{"start":{"line":30,"column":8},"end":{"line":30,"column":44}},"17":{"start":{"line":32,"column":8},"end":{"line":32,"column":43}},"18":{"start":{"line":33,"column":8},"end":{"line":33,"column":43}},"19":{"start":{"line":34,"column":8},"end":{"line":34,"column":44}},"20":{"start":{"line":36,"column":6},"end":{"line":36,"column":40}},"21":{"start":{"line":41,"column":4},"end":{"line":41,"column":29}},"22":{"start":{"line":45,"column":4},"end":{"line":64,"column":5}},"23":{"start":{"line":46,"column":6},"end":{"line":46,"column":36}},"24":{"start":{"line":48,"column":6},"end":{"line":52,"column":7}},"25":{"start":{"line":49,"column":8},"end":{"line":49,"column":35}},"26":{"start":{"line":50,"column":8},"end":{"line":50,"column":24}},"27":{"start":{"line":51,"column":8},"end":{"line":51,"column":15}},"28":{"start":{"line":54,"column":6},"end":{"line":54,"column":33}},"29":{"start":{"line":55,"column":6},"end":{"line":58,"column":7}},"30":{"start":{"line":56,"column":8},"end":{"line":56,"column":40}},"31":{"start":{"line":57,"column":8},"end":{"line":57,"column":15}},"32":{"start":{"line":60,"column":29},"end":{"line":60,"column":48}},"33":{"start":{"line":62,"column":6},"end":{"line":62,"column":54}},"34":{"start":{"line":63,"column":6},"end":{"line":63,"column":40}},"35":{"start":{"line":68,"column":17},"end":{"line":70,"column":5}},"36":{"start":{"line":71,"column":4},"end":{"line":73,"column":5}},"37":{"start":{"line":72,"column":6},"end":{"line":72,"column":13}},"38":{"start":{"line":75,"column":4},"end":{"line":75,"column":32}},"39":{"start":{"line":77,"column":23},"end":{"line":82,"column":5}},"40":{"start":{"line":84,"column":4},"end":{"line":102,"column":7}},"41":{"start":{"line":85,"column":21},"end":{"line":85,"column":54}},"42":{"start":{"line":86,"column":21},"end":{"line":86,"column":54}},"43":{"start":{"line":88,"column":6},"end":{"line":101,"column":7}},"44":{"start":{"line":94,"column":8},"end":{"line":100,"column":10}}},"fnMap":{"0":{"name":"(anonymous_0)","decl":{"start":{"line":8,"column":2},"end":{"line":8,"column":3}},"loc":{"start":{"line":8,"column":25},"end":{"line":12,"column":3}},"line":8},"1":{"name":"(anonymous_1)","decl":{"start":{"line":14,"column":2},"end":{"line":14,"column":3}},"loc":{"start":{"line":14,"column":15},"end":{"line":18,"column":3}},"line":14},"2":{"name":"(anonymous_2)","decl":{"start":{"line":20,"column":2},"end":{"line":20,"column":3}},"loc":{"start":{"line":20,"column":13},"end":{"line":38,"column":3}},"line":20},"3":{"name":"(anonymous_3)","decl":{"start":{"line":25,"column":22},"end":{"line":25,"column":23}},"loc":{"start":{"line":25,"column":41},"end":{"line":37,"column":5}},"line":25},"4":{"name":"(anonymous_4)","decl":{"start":{"line":28,"column":18},"end":{"line":28,"column":19}},"loc":{"start":{"line":28,"column":38},"end":{"line":35,"column":7}},"line":28},"5":{"name":"(anonymous_5)","decl":{"start":{"line":40,"column":2},"end":{"line":40,"column":3}},"loc":{"start":{"line":40,"column":13},"end":{"line":42,"column":3}},"line":40},"6":{"name":"(anonymous_6)","decl":{"start":{"line":44,"column":2},"end":{"line":44,"column":3}},"loc":{"start":{"line":44,"column":29},"end":{"line":65,"column":3}},"line":44},"7":{"name":"(anonymous_7)","decl":{"start":{"line":67,"column":2},"end":{"line":67,"column":3}},"loc":{"start":{"line":67,"column":29},"end":{"line":103,"column":3}},"line":67},"8":{"name":"(anonymous_8)","decl":{"start":{"line":84,"column":23},"end":{"line":84,"column":24}},"loc":{"start":{"line":84,"column":38},"end":{"line":102,"column":5}},"line":84}},"branchMap":{"0":{"loc":{"start":{"line":45,"column":4},"end":{"line":64,"column":5}},"type":"if","locations":[{"start":{"line":45,"column":4},"end":{"line":64,"column":5}},{"start":{},"end":{}}],"line":45},"1":{"loc":{"start":{"line":48,"column":6},"end":{"line":52,"column":7}},"type":"if","locations":[{"start":{"line":48,"column":6},"end":{"line":52,"column":7}},{"start":{},"end":{}}],"line":48},"2":{"loc":{"start":{"line":55,"column":6},"end":{"line":58,"column":7}},"type":"if","locations":[{"start":{"line":55,"column":6},"end":{"line":58,"column":7}},{"start":{},"end":{}}],"line":55},"3":{"loc":{"start":{"line":71,"column":4},"end":{"line":73,"column":5}},"type":"if","locations":[{"start":{"line":71,"column":4},"end":{"line":73,"column":5}},{"start":{},"end":{}}],"line":71},"4":{"loc":{"start":{"line":88,"column":6},"end":{"line":101,"column":7}},"type":"if","locations":[{"start":{"line":88,"column":6},"end":{"line":101,"column":7}},{"start":{},"end":{}}],"line":88},"5":{"loc":{"start":{"line":89,"column":8},"end":{"line":92,"column":29}},"type":"binary-expr","locations":[{"start":{"line":89,"column":8},"end":{"line":89,"column":19}},{"start":{"line":90,"column":8},"end":{"line":90,"column":29}},{"start":{"line":91,"column":8},"end":{"line":91,"column":19}},{"start":{"line":92,"column":8},"end":{"line":92,"column":29}}],"line":89}},"s":{"0":1,"1":1,"2":1,"3":2,"4":2,"5":2,"6":2,"7":2,"8":2,"9":2,"10":2,"11":2,"12":8,"13":8,"14":8,"15":32,"16":32,"17":32,"18":32,"19":32,"20":8,"21":0,"22":1,"23":1,"24":1,"25":0,"26":0,"27":0,"28":1,"29":1,"30":0,"31":0,"32":1,"33":1,"34":1,"35":0,"36":0,"37":0,"38":0,"39":0,"40":0,"41":0,"42":0,"43":0,"44":0},"f":{"0":2,"1":2,"2":2,"3":8,"4":32,"5":0,"6":1,"7":0,"8":0},"b":{"0":[1,0],"1":[0,1],"2":[0,1],"3":[0,0],"4":[0,0],"5":[0,0,0,0]},"_coverageSchema":"1a1c01bbd47fc00a2c39e90264f33305004495a9","hash":"74bc674d7c73fbeb0b55bb8a2dec272c3993e275"}
,"/home/sobucki/Projects/Sobucki/css/minesweeper-98/scripts/utils.js": {"path":"/home/sobucki/Projects/Sobucki/css/minesweeper-98/scripts/utils.js","statementMap":{"0":{"start":{"line":2,"column":2},"end":{"line":4,"column":3}},"1":{"start":{"line":3,"column":4},"end":{"line":3,"column":44}},"2":{"start":{"line":6,"column":2},"end":{"line":8,"column":3}},"3":{"start":{"line":7,"column":4},"end":{"line":7,"column":38}},"4":{"start":{"line":10,"column":13},"end":{"line":10,"column":71}},"5":{"start":{"line":10,"column":47},"end":{"line":10,"column":70}},"6":{"start":{"line":12,"column":20},"end":{"line":12,"column":21}},"7":{"start":{"line":13,"column":2},"end":{"line":20,"column":3}},"8":{"start":{"line":14,"column":14},"end":{"line":14,"column":46}},"9":{"start":{"line":15,"column":14},"end":{"line":15,"column":46}},"10":{"start":{"line":16,"column":4},"end":{"line":19,"column":5}},"11":{"start":{"line":17,"column":6},"end":{"line":17,"column":27}},"12":{"start":{"line":18,"column":6},"end":{"line":18,"column":20}},"13":{"start":{"line":21,"column":2},"end":{"line":21,"column":14}},"14":{"start":{"line":25,"column":16},"end":{"line":42,"column":4}},"15":{"start":{"line":26,"column":4},"end":{"line":41,"column":7}},"16":{"start":{"line":27,"column":6},"end":{"line":29,"column":7}},"17":{"start":{"line":28,"column":8},"end":{"line":28,"column":20}},"18":{"start":{"line":30,"column":18},"end":{"line":30,"column":19}},"19":{"start":{"line":31,"column":6},"end":{"line":39,"column":7}},"20":{"start":{"line":31,"column":19},"end":{"line":31,"column":31}},"21":{"start":{"line":32,"column":8},"end":{"line":38,"column":9}},"22":{"start":{"line":32,"column":21},"end":{"line":32,"column":33}},"23":{"start":{"line":33,"column":10},"end":{"line":37,"column":11}},"24":{"start":{"line":34,"column":12},"end":{"line":36,"column":13}},"25":{"start":{"line":35,"column":14},"end":{"line":35,"column":22}},"26":{"start":{"line":40,"column":6},"end":{"line":40,"column":19}},"27":{"start":{"line":43,"column":2},"end":{"line":43,"column":17}}},"fnMap":{"0":{"name":"createRandomGridMap","decl":{"start":{"line":1,"column":16},"end":{"line":1,"column":35}},"loc":{"start":{"line":1,"column":55},"end":{"line":22,"column":1}},"line":1},"1":{"name":"(anonymous_1)","decl":{"start":{"line":10,"column":41},"end":{"line":10,"column":42}},"loc":{"start":{"line":10,"column":47},"end":{"line":10,"column":70}},"line":10},"2":{"name":"addNumbersToGrid","decl":{"start":{"line":24,"column":16},"end":{"line":24,"column":32}},"loc":{"start":{"line":24,"column":39},"end":{"line":44,"column":1}},"line":24},"3":{"name":"(anonymous_3)","decl":{"start":{"line":25,"column":25},"end":{"line":25,"column":26}},"loc":{"start":{"line":25,"column":44},"end":{"line":42,"column":3}},"line":25},"4":{"name":"(anonymous_4)","decl":{"start":{"line":26,"column":19},"end":{"line":26,"column":20}},"loc":{"start":{"line":26,"column":39},"end":{"line":41,"column":5}},"line":26}},"branchMap":{"0":{"loc":{"start":{"line":2,"column":2},"end":{"line":4,"column":3}},"type":"if","locations":[{"start":{"line":2,"column":2},"end":{"line":4,"column":3}},{"start":{},"end":{}}],"line":2},"1":{"loc":{"start":{"line":2,"column":6},"end":{"line":2,"column":26}},"type":"binary-expr","locations":[{"start":{"line":2,"column":6},"end":{"line":2,"column":14}},{"start":{"line":2,"column":18},"end":{"line":2,"column":26}}],"line":2},"2":{"loc":{"start":{"line":6,"column":2},"end":{"line":8,"column":3}},"type":"if","locations":[{"start":{"line":6,"column":2},"end":{"line":8,"column":3}},{"start":{},"end":{}}],"line":6},"3":{"loc":{"start":{"line":16,"column":4},"end":{"line":19,"column":5}},"type":"if","locations":[{"start":{"line":16,"column":4},"end":{"line":19,"column":5}},{"start":{},"end":{}}],"line":16},"4":{"loc":{"start":{"line":27,"column":6},"end":{"line":29,"column":7}},"type":"if","locations":[{"start":{"line":27,"column":6},"end":{"line":29,"column":7}},{"start":{},"end":{}}],"line":27},"5":{"loc":{"start":{"line":33,"column":10},"end":{"line":37,"column":11}},"type":"if","locations":[{"start":{"line":33,"column":10},"end":{"line":37,"column":11}},{"start":{},"end":{}}],"line":33},"6":{"loc":{"start":{"line":33,"column":14},"end":{"line":33,"column":67}},"type":"binary-expr","locations":[{"start":{"line":33,"column":14},"end":{"line":33,"column":20}},{"start":{"line":33,"column":24},"end":{"line":33,"column":30}},{"start":{"line":33,"column":34},"end":{"line":33,"column":49}},{"start":{"line":33,"column":53},"end":{"line":33,"column":67}}],"line":33},"7":{"loc":{"start":{"line":34,"column":12},"end":{"line":36,"column":13}},"type":"if","locations":[{"start":{"line":34,"column":12},"end":{"line":36,"column":13}},{"start":{},"end":{}}],"line":34}},"s":{"0":8,"1":2,"2":6,"3":1,"4":5,"5":10,"6":5,"7":5,"8":11,"9":11,"10":11,"11":10,"12":10,"13":5,"14":22,"15":70,"16":256,"17":78,"18":178,"19":178,"20":178,"21":534,"22":534,"23":1602,"24":1015,"25":265,"26":178,"27":22},"f":{"0":8,"1":10,"2":22,"3":70,"4":256},"b":{"0":[2,6],"1":[8,7],"2":[1,5],"3":[10,1],"4":[78,178],"5":[1015,587],"6":[1602,1434,1285,1147],"7":[265,750]},"_coverageSchema":"1a1c01bbd47fc00a2c39e90264f33305004495a9","hash":"88a34728397bec1b26696d7d04c6bf679e6e8830"}
}
