{"/home/sobucki/Projects/Sobucki/css/minesweeper-98/scripts/utils.js": {"path":"/home/sobucki/Projects/Sobucki/css/minesweeper-98/scripts/utils.js","statementMap":{"0":{"start":{"line":2,"column":2},"end":{"line":4,"column":3}},"1":{"start":{"line":3,"column":4},"end":{"line":3,"column":44}},"2":{"start":{"line":6,"column":2},"end":{"line":8,"column":3}},"3":{"start":{"line":7,"column":4},"end":{"line":7,"column":38}},"4":{"start":{"line":10,"column":13},"end":{"line":10,"column":71}},"5":{"start":{"line":10,"column":47},"end":{"line":10,"column":70}},"6":{"start":{"line":12,"column":20},"end":{"line":12,"column":21}},"7":{"start":{"line":13,"column":2},"end":{"line":20,"column":3}},"8":{"start":{"line":14,"column":14},"end":{"line":14,"column":46}},"9":{"start":{"line":15,"column":14},"end":{"line":15,"column":46}},"10":{"start":{"line":16,"column":4},"end":{"line":19,"column":5}},"11":{"start":{"line":17,"column":6},"end":{"line":17,"column":27}},"12":{"start":{"line":18,"column":6},"end":{"line":18,"column":20}},"13":{"start":{"line":21,"column":2},"end":{"line":21,"column":14}},"14":{"start":{"line":25,"column":16},"end":{"line":42,"column":4}},"15":{"start":{"line":26,"column":4},"end":{"line":41,"column":7}},"16":{"start":{"line":27,"column":6},"end":{"line":29,"column":7}},"17":{"start":{"line":28,"column":8},"end":{"line":28,"column":20}},"18":{"start":{"line":30,"column":18},"end":{"line":30,"column":19}},"19":{"start":{"line":31,"column":6},"end":{"line":39,"column":7}},"20":{"start":{"line":31,"column":19},"end":{"line":31,"column":31}},"21":{"start":{"line":32,"column":8},"end":{"line":38,"column":9}},"22":{"start":{"line":32,"column":21},"end":{"line":32,"column":33}},"23":{"start":{"line":33,"column":10},"end":{"line":37,"column":11}},"24":{"start":{"line":34,"column":12},"end":{"line":36,"column":13}},"25":{"start":{"line":35,"column":14},"end":{"line":35,"column":22}},"26":{"start":{"line":40,"column":6},"end":{"line":40,"column":19}},"27":{"start":{"line":43,"column":2},"end":{"line":43,"column":17}}},"fnMap":{"0":{"name":"createRandomGridMap","decl":{"start":{"line":1,"column":16},"end":{"line":1,"column":35}},"loc":{"start":{"line":1,"column":55},"end":{"line":22,"column":1}},"line":1},"1":{"name":"(anonymous_1)","decl":{"start":{"line":10,"column":41},"end":{"line":10,"column":42}},"loc":{"start":{"line":10,"column":47},"end":{"line":10,"column":70}},"line":10},"2":{"name":"addNumbersToGrid","decl":{"start":{"line":24,"column":16},"end":{"line":24,"column":32}},"loc":{"start":{"line":24,"column":39},"end":{"line":44,"column":1}},"line":24},"3":{"name":"(anonymous_3)","decl":{"start":{"line":25,"column":25},"end":{"line":25,"column":26}},"loc":{"start":{"line":25,"column":44},"end":{"line":42,"column":3}},"line":25},"4":{"name":"(anonymous_4)","decl":{"start":{"line":26,"column":19},"end":{"line":26,"column":20}},"loc":{"start":{"line":26,"column":39},"end":{"line":41,"column":5}},"line":26}},"branchMap":{"0":{"loc":{"start":{"line":2,"column":2},"end":{"line":4,"column":3}},"type":"if","locations":[{"start":{"line":2,"column":2},"end":{"line":4,"column":3}},{"start":{},"end":{}}],"line":2},"1":{"loc":{"start":{"line":2,"column":6},"end":{"line":2,"column":26}},"type":"binary-expr","locations":[{"start":{"line":2,"column":6},"end":{"line":2,"column":14}},{"start":{"line":2,"column":18},"end":{"line":2,"column":26}}],"line":2},"2":{"loc":{"start":{"line":6,"column":2},"end":{"line":8,"column":3}},"type":"if","locations":[{"start":{"line":6,"column":2},"end":{"line":8,"column":3}},{"start":{},"end":{}}],"line":6},"3":{"loc":{"start":{"line":16,"column":4},"end":{"line":19,"column":5}},"type":"if","locations":[{"start":{"line":16,"column":4},"end":{"line":19,"column":5}},{"start":{},"end":{}}],"line":16},"4":{"loc":{"start":{"line":27,"column":6},"end":{"line":29,"column":7}},"type":"if","locations":[{"start":{"line":27,"column":6},"end":{"line":29,"column":7}},{"start":{},"end":{}}],"line":27},"5":{"loc":{"start":{"line":33,"column":10},"end":{"line":37,"column":11}},"type":"if","locations":[{"start":{"line":33,"column":10},"end":{"line":37,"column":11}},{"start":{},"end":{}}],"line":33},"6":{"loc":{"start":{"line":33,"column":14},"end":{"line":33,"column":67}},"type":"binary-expr","locations":[{"start":{"line":33,"column":14},"end":{"line":33,"column":20}},{"start":{"line":33,"column":24},"end":{"line":33,"column":30}},{"start":{"line":33,"column":34},"end":{"line":33,"column":49}},{"start":{"line":33,"column":53},"end":{"line":33,"column":67}}],"line":33},"7":{"loc":{"start":{"line":34,"column":12},"end":{"line":36,"column":13}},"type":"if","locations":[{"start":{"line":34,"column":12},"end":{"line":36,"column":13}},{"start":{},"end":{}}],"line":34}},"s":{"0":8,"1":2,"2":6,"3":1,"4":5,"5":10,"6":5,"7":5,"8":13,"9":13,"10":13,"11":10,"12":10,"13":5,"14":20,"15":62,"16":224,"17":74,"18":150,"19":150,"20":150,"21":450,"22":450,"23":1350,"24":851,"25":237,"26":150,"27":20},"f":{"0":8,"1":10,"2":20,"3":62,"4":224},"b":{"0":[2,6],"1":[8,7],"2":[1,5],"3":[10,3],"4":[74,150],"5":[851,499],"6":[1350,1206,1079,963],"7":[237,614]},"_coverageSchema":"1a1c01bbd47fc00a2c39e90264f33305004495a9","hash":"88a34728397bec1b26696d7d04c6bf679e6e8830"}
}
