TN:
SF:scripts/game.js
FN:8,(anonymous_0)
FN:14,(anonymous_1)
FN:20,(anonymous_2)
FN:25,(anonymous_3)
FN:28,(anonymous_4)
FN:40,(anonymous_5)
FN:44,(anonymous_6)
FN:67,(anonymous_7)
FN:84,(anonymous_8)
FNF:9
FNH:6
FNDA:2,(anonymous_0)
FNDA:2,(anonymous_1)
FNDA:2,(anonymous_2)
FNDA:8,(anonymous_3)
FNDA:32,(anonymous_4)
FNDA:0,(anonymous_5)
FNDA:1,(anonymous_6)
FNDA:0,(anonymous_7)
FNDA:0,(anonymous_8)
DA:3,1
DA:4,1
DA:5,1
DA:9,2
DA:10,2
DA:11,2
DA:15,2
DA:16,2
DA:17,2
DA:21,2
DA:23,2
DA:25,2
DA:26,8
DA:27,8
DA:28,8
DA:29,32
DA:30,32
DA:32,32
DA:33,32
DA:34,32
DA:36,8
DA:41,0
DA:45,1
DA:46,1
DA:48,1
DA:49,0
DA:50,0
DA:51,0
DA:54,1
DA:55,1
DA:56,0
DA:57,0
DA:60,1
DA:62,1
DA:63,1
DA:68,0
DA:71,0
DA:72,0
DA:75,0
DA:77,0
DA:84,0
DA:85,0
DA:86,0
DA:88,0
DA:94,0
LF:45
LH:29
BRDA:45,0,0,1
BRDA:45,0,1,0
BRDA:48,1,0,0
BRDA:48,1,1,1
BRDA:55,2,0,0
BRDA:55,2,1,1
BRDA:71,3,0,0
BRDA:71,3,1,0
BRDA:88,4,0,0
BRDA:88,4,1,0
BRDA:89,5,0,0
BRDA:89,5,1,0
BRDA:89,5,2,0
BRDA:89,5,3,0
BRF:14
BRH:3
end_of_record
TN:
SF:scripts/utils.js
FN:1,createRandomGridMap
FN:10,(anonymous_1)
FN:24,addNumbersToGrid
FN:25,(anonymous_3)
FN:26,(anonymous_4)
FNF:5
FNH:5
FNDA:8,createRandomGridMap
FNDA:10,(anonymous_1)
FNDA:22,addNumbersToGrid
FNDA:70,(anonymous_3)
FNDA:256,(anonymous_4)
DA:2,8
DA:3,2
DA:6,6
DA:7,1
DA:10,10
DA:12,5
DA:13,5
DA:14,11
DA:15,11
DA:16,11
DA:17,10
DA:18,10
DA:21,5
DA:25,22
DA:26,70
DA:27,256
DA:28,78
DA:30,178
DA:31,178
DA:32,534
DA:33,1602
DA:34,1015
DA:35,265
DA:40,178
DA:43,22
LF:25
LH:25
BRDA:2,0,0,2
BRDA:2,0,1,6
BRDA:2,1,0,8
BRDA:2,1,1,7
BRDA:6,2,0,1
BRDA:6,2,1,5
BRDA:16,3,0,10
BRDA:16,3,1,1
BRDA:27,4,0,78
BRDA:27,4,1,178
BRDA:33,5,0,1015
BRDA:33,5,1,587
BRDA:33,6,0,1602
BRDA:33,6,1,1434
BRDA:33,6,2,1285
BRDA:33,6,3,1147
BRDA:34,7,0,265
BRDA:34,7,1,750
BRF:18
BRH:18
end_of_record
