TN:
SF:scripts/utils.js
FN:1,createRandomGridMap
FN:10,(anonymous_1)
FN:24,addNumbersToGrid
FN:25,(anonymous_3)
FN:26,(anonymous_4)
FNF:5
FNH:5
FNDA:8,createRandomGridMap
FNDA:10,(anonymous_1)
FNDA:20,addNumbersToGrid
FNDA:62,(anonymous_3)
FNDA:224,(anonymous_4)
DA:2,8
DA:3,2
DA:6,6
DA:7,1
DA:10,10
DA:12,5
DA:13,5
DA:14,13
DA:15,13
DA:16,13
DA:17,10
DA:18,10
DA:21,5
DA:25,20
DA:26,62
DA:27,224
DA:28,74
DA:30,150
DA:31,150
DA:32,450
DA:33,1350
DA:34,851
DA:35,237
DA:40,150
DA:43,20
LF:25
LH:25
BRDA:2,0,0,2
BRDA:2,0,1,6
BRDA:2,1,0,8
BRDA:2,1,1,7
BRDA:6,2,0,1
BRDA:6,2,1,5
BRDA:16,3,0,10
BRDA:16,3,1,3
BRDA:27,4,0,74
BRDA:27,4,1,150
BRDA:33,5,0,851
BRDA:33,5,1,499
BRDA:33,6,0,1350
BRDA:33,6,1,1206
BRDA:33,6,2,1079
BRDA:33,6,3,963
BRDA:34,7,0,237
BRDA:34,7,1,614
BRF:18
BRH:18
end_of_record
